[debug] [2025-09-24T20:07:21.104Z] ----------------------------------------------------------------------
[debug] [2025-09-24T20:07:21.105Z] Command:       /Users/sandeep/.nvm/versions/node/v20.19.5/bin/node /Users/sandeep/.nvm/versions/node/v18.20.2/bin/firebase emulators:start --only functions,firestore
[debug] [2025-09-24T20:07:21.105Z] CLI Version:   14.11.0
[debug] [2025-09-24T20:07:21.105Z] Platform:      darwin
[debug] [2025-09-24T20:07:21.106Z] Node Version:  v20.19.5
[debug] [2025-09-24T20:07:21.106Z] Time:          Thu Sep 25 2025 01:37:21 GMT+0530 (India Standard Time)
[debug] [2025-09-24T20:07:21.106Z] ----------------------------------------------------------------------
[debug] 
[debug] [2025-09-24T20:07:21.214Z] > command requires scopes: ["email","openid","https://www.googleapis.com/auth/cloudplatformprojects.readonly","https://www.googleapis.com/auth/firebase","https://www.googleapis.com/auth/cloud-platform"]
[debug] [2025-09-24T20:07:21.214Z] > authorizing via signed-in user (achievex.work@gmail.com)
[info] i  emulators: Starting emulators: functions {"metadata":{"emulator":{"name":"hub"},"message":"Starting emulators: functions"}}
[warn] ⚠  firestore: Not starting the firestore emulator, make sure you have run firebase init. {"metadata":{"emulator":{"name":"firestore"},"message":"Not starting the \u001b[1mfirestore\u001b[22m emulator, make sure you have run \u001b[1mfirebase init\u001b[22m."}}
[warn] ⚠  logging: Logging Emulator unable to start on port 4500, starting on 4501 instead. {"metadata":{"emulator":{"name":"logging"},"message":"Logging Emulator unable to start on port 4500, starting on 4501 instead."}}
[debug] [2025-09-24T20:07:21.332Z] [logging] Logging Emulator only supports listening on one address (127.0.0.1). Not listening on ::1
[debug] [2025-09-24T20:07:21.332Z] assigned listening specs for emulators {"user":{"hub":[{"address":"127.0.0.1","family":"IPv4","port":4400},{"address":"::1","family":"IPv6","port":4400}],"ui":[{"address":"127.0.0.1","family":"IPv4","port":4000},{"address":"::1","family":"IPv6","port":4000}],"logging":[{"address":"127.0.0.1","family":"IPv4","port":4501}]},"metadata":{"message":"assigned listening specs for emulators"}}
[warn] ⚠  emulators: It seems that you are running multiple instances of the emulator suite for project achievex-3f959. This may result in unexpected behavior. 
[debug] [2025-09-24T20:07:21.335Z] [hub] writing locator at /var/folders/87/k0dtl2md1nq3yj1_69jr3n640000gn/T/hub-achievex-3f959.json
[debug] [2025-09-24T20:07:21.415Z] [functions] Functions Emulator only supports listening on one address (127.0.0.1). Not listening on ::1
[debug] [2025-09-24T20:07:21.415Z] [eventarc] Eventarc Emulator only supports listening on one address (127.0.0.1). Not listening on ::1
[debug] [2025-09-24T20:07:21.415Z] [tasks] Cloud Tasks Emulator only supports listening on one address (127.0.0.1). Not listening on ::1
[debug] [2025-09-24T20:07:21.415Z] late-assigned ports for functions and eventarc emulators {"user":{"hub":[{"address":"127.0.0.1","family":"IPv4","port":4400},{"address":"::1","family":"IPv6","port":4400}],"ui":[{"address":"127.0.0.1","family":"IPv4","port":4000},{"address":"::1","family":"IPv6","port":4000}],"logging":[{"address":"127.0.0.1","family":"IPv4","port":4501}],"functions":[{"address":"127.0.0.1","family":"IPv4","port":5001}],"eventarc":[{"address":"127.0.0.1","family":"IPv4","port":9299}],"tasks":[{"address":"127.0.0.1","family":"IPv4","port":9499}]},"metadata":{"message":"late-assigned ports for functions and eventarc emulators"}}
[warn] ⚠  functions: The following emulators are not running, calls to these services from the Functions emulator will affect production: apphosting, auth, firestore, database, hosting, pubsub, storage, dataconnect {"metadata":{"emulator":{"name":"functions"},"message":"The following emulators are not running, calls to these services from the Functions emulator will affect production: \u001b[1mapphosting, auth, firestore, database, hosting, pubsub, storage, dataconnect\u001b[22m"}}
[warn] ⚠  functions: Application Default Credentials detected. Non-emulated services will access production using these credentials. Be careful! {"metadata":{"emulator":{"name":"functions"},"message":"Application Default Credentials detected. Non-emulated services will access production using these credentials. Be careful!"}}
[debug] [2025-09-24T20:07:26.548Z] Checked if tokens are valid: true, expires at: 1758747965857
[debug] [2025-09-24T20:07:26.548Z] Checked if tokens are valid: true, expires at: 1758747965857
[debug] [2025-09-24T20:07:26.550Z] >>> [apiv2][query] GET https://firebase.googleapis.com/v1beta1/projects/achievex-3f959/adminSdkConfig [none]
[debug] [2025-09-24T20:07:27.015Z] <<< [apiv2][status] GET https://firebase.googleapis.com/v1beta1/projects/achievex-3f959/adminSdkConfig 200
[debug] [2025-09-24T20:07:27.016Z] <<< [apiv2][body] GET https://firebase.googleapis.com/v1beta1/projects/achievex-3f959/adminSdkConfig {"projectId":"achievex-3f959","storageBucket":"achievex-3f959.firebasestorage.app"}
[info] i  functions: Watching "/Users/sandeep/Desktop/achievex1/AchieveX-web/functions" for Cloud Functions... {"metadata":{"emulator":{"name":"functions"},"message":"Watching \"/Users/sandeep/Desktop/achievex1/AchieveX-web/functions\" for Cloud Functions..."}}
[debug] [2025-09-24T20:07:27.049Z] Validating nodejs source
[debug] [2025-09-24T20:07:27.556Z] > [functions] package.json contents: {
  "name": "functions",
  "description": "Cloud Functions for Firebase",
  "scripts": {
    "lint": "eslint .",
    "serve": "firebase emulators:start --only functions",
    "shell": "firebase functions:shell",
    "start": "npm run shell",
    "deploy": "firebase deploy --only functions",
    "logs": "firebase functions:log"
  },
  "engines": {
    "node": "22"
  },
  "main": "index.js",
  "dependencies": {
    "axios": "^1.12.2",
    "cors": "^2.8.5",
    "firebase-admin": "^12.6.0",
    "firebase-functions": "^6.0.1"
  },
  "devDependencies": {
    "eslint": "^8.15.0",
    "eslint-config-google": "^0.14.0",
    "firebase-functions-test": "^3.1.0"
  },
  "private": true
}
[debug] [2025-09-24T20:07:27.556Z] Building nodejs source
[debug] [2025-09-24T20:07:27.556Z] Failed to find version of module node: reached end of search path /Users/sandeep/Desktop/achievex1/AchieveX-web/functions/node_modules
[warn] ⚠  functions: Your requested "node" version "22" doesn't match your global version "20". Using node@20 from host. 
[debug] [2025-09-24T20:07:27.558Z] Could not find functions.yaml. Must use http discovery
[debug] [2025-09-24T20:07:27.562Z] Found firebase-functions binary at '/Users/sandeep/Desktop/achievex1/AchieveX-web/functions/node_modules/.bin/firebase-functions'
[info] Serving at port 8221

[error] TypeError: Cannot read properties of undefined (reading 'client_id')
    at Object.<anonymous> (/Users/sandeep/Desktop/achievex1/AchieveX-web/functions/index.js:19:53)
    at Module._compile (node:internal/modules/cjs/loader:1521:14)
    at Module._extensions..js (node:internal/modules/cjs/loader:1623:10)
    at Module.load (node:internal/modules/cjs/loader:1266:32)
    at Module._load (node:internal/modules/cjs/loader:1091:12)
    at Module.require (node:internal/modules/cjs/loader:1289:19)
    at require (node:internal/modules/helpers:182:18)
    at loadModule (/Users/sandeep/Desktop/achievex1/AchieveX-web/functions/node_modules/firebase-functions/lib/runtime/loader.js:40:16)
    at loadStack (/Users/sandeep/Desktop/achievex1/AchieveX-web/functions/node_modules/firebase-functions/lib/runtime/loader.js:157:23)
    at /Users/sandeep/Desktop/achievex1/AchieveX-web/functions/node_modules/firebase-functions/lib/bin/firebase-functions.js:102:60

[debug] [2025-09-24T20:07:27.913Z] Got response code 400; body Failed to generate manifest from function source: Cannot read properties of undefined (reading 'client_id')
[error] ⬢  functions: Failed to load function definition from source: FirebaseError: Functions codebase could not be analyzed successfully. It may have a syntax or runtime error {"metadata":{"emulator":{"name":"functions"},"message":"Failed to load function definition from source: FirebaseError: Functions codebase could not be analyzed successfully. It may have a syntax or runtime error"}}
[debug] [2025-09-24T20:07:31.935Z] Could not find VSCode notification endpoint: FetchError: request to http://localhost:40001/vscode/notify failed, reason: . If you are not running the Firebase Data Connect VSCode extension, this is expected and not an issue.
[info] 
┌─────────────────────────────────────────────────────────────┐
│ ✔  All emulators ready! It is now safe to connect your app. │
│ i  View Emulator UI at http://127.0.0.1:4000/               │
└─────────────────────────────────────────────────────────────┘

┌───────────┬────────────────┬─────────────────────────────────┐
│ Emulator  │ Host:Port      │ View in Emulator UI             │
├───────────┼────────────────┼─────────────────────────────────┤
│ Functions │ 127.0.0.1:5001 │ http://127.0.0.1:4000/functions │
└───────────┴────────────────┴─────────────────────────────────┘
  Emulator Hub host: 127.0.0.1 port: 4400
  Other reserved ports: 4501

Issues? Report them at https://github.com/firebase/firebase-tools/issues and attach the *-debug.log files.
 
[debug] [2025-09-24T20:21:26.689Z] ----------------------------------------------------------------------
[debug] [2025-09-24T20:21:26.695Z] Command:       /Users/sandeep/.nvm/versions/node/v20.19.5/bin/node /Users/sandeep/.nvm/versions/node/v18.20.2/bin/firebase emulators:start --only functions,firestore
[debug] [2025-09-24T20:21:26.696Z] CLI Version:   14.11.0
[debug] [2025-09-24T20:21:26.696Z] Platform:      darwin
[debug] [2025-09-24T20:21:26.696Z] Node Version:  v20.19.5
[debug] [2025-09-24T20:21:26.696Z] Time:          Thu Sep 25 2025 01:51:26 GMT+0530 (India Standard Time)
[debug] [2025-09-24T20:21:26.696Z] ----------------------------------------------------------------------
[debug] 
[debug] [2025-09-24T20:21:26.819Z] > command requires scopes: ["email","openid","https://www.googleapis.com/auth/cloudplatformprojects.readonly","https://www.googleapis.com/auth/firebase","https://www.googleapis.com/auth/cloud-platform"]
[debug] [2025-09-24T20:21:26.819Z] > authorizing via signed-in user (achievex.work@gmail.com)
[info] i  emulators: Starting emulators: functions {"metadata":{"emulator":{"name":"hub"},"message":"Starting emulators: functions"}}
[warn] ⚠  firestore: Not starting the firestore emulator, make sure you have run firebase init. {"metadata":{"emulator":{"name":"firestore"},"message":"Not starting the \u001b[1mfirestore\u001b[22m emulator, make sure you have run \u001b[1mfirebase init\u001b[22m."}}
[warn] ⚠  logging: Logging Emulator unable to start on port 4500, starting on 4501 instead. {"metadata":{"emulator":{"name":"logging"},"message":"Logging Emulator unable to start on port 4500, starting on 4501 instead."}}
[debug] [2025-09-24T20:21:26.927Z] [logging] Logging Emulator only supports listening on one address (127.0.0.1). Not listening on ::1
[debug] [2025-09-24T20:21:26.927Z] assigned listening specs for emulators {"user":{"hub":[{"address":"127.0.0.1","family":"IPv4","port":4400},{"address":"::1","family":"IPv6","port":4400}],"ui":[{"address":"127.0.0.1","family":"IPv4","port":4000},{"address":"::1","family":"IPv6","port":4000}],"logging":[{"address":"127.0.0.1","family":"IPv4","port":4501}]},"metadata":{"message":"assigned listening specs for emulators"}}
[warn] ⚠  emulators: It seems that you are running multiple instances of the emulator suite for project achievex-3f959. This may result in unexpected behavior. 
[debug] [2025-09-24T20:21:26.931Z] [hub] writing locator at /var/folders/87/k0dtl2md1nq3yj1_69jr3n640000gn/T/hub-achievex-3f959.json
[debug] [2025-09-24T20:21:27.017Z] [functions] Functions Emulator only supports listening on one address (127.0.0.1). Not listening on ::1
[debug] [2025-09-24T20:21:27.017Z] [eventarc] Eventarc Emulator only supports listening on one address (127.0.0.1). Not listening on ::1
[debug] [2025-09-24T20:21:27.017Z] [tasks] Cloud Tasks Emulator only supports listening on one address (127.0.0.1). Not listening on ::1
[debug] [2025-09-24T20:21:27.017Z] late-assigned ports for functions and eventarc emulators {"user":{"hub":[{"address":"127.0.0.1","family":"IPv4","port":4400},{"address":"::1","family":"IPv6","port":4400}],"ui":[{"address":"127.0.0.1","family":"IPv4","port":4000},{"address":"::1","family":"IPv6","port":4000}],"logging":[{"address":"127.0.0.1","family":"IPv4","port":4501}],"functions":[{"address":"127.0.0.1","family":"IPv4","port":5001}],"eventarc":[{"address":"127.0.0.1","family":"IPv4","port":9299}],"tasks":[{"address":"127.0.0.1","family":"IPv4","port":9499}]},"metadata":{"message":"late-assigned ports for functions and eventarc emulators"}}
[warn] ⚠  functions: The following emulators are not running, calls to these services from the Functions emulator will affect production: apphosting, auth, firestore, database, hosting, pubsub, storage, dataconnect {"metadata":{"emulator":{"name":"functions"},"message":"The following emulators are not running, calls to these services from the Functions emulator will affect production: \u001b[1mapphosting, auth, firestore, database, hosting, pubsub, storage, dataconnect\u001b[22m"}}
[warn] ⚠  functions: Application Default Credentials detected. Non-emulated services will access production using these credentials. Be careful! {"metadata":{"emulator":{"name":"functions"},"message":"Application Default Credentials detected. Non-emulated services will access production using these credentials. Be careful!"}}
[debug] [2025-09-24T20:21:35.148Z] Checked if tokens are valid: true, expires at: 1758747965857
[debug] [2025-09-24T20:21:35.148Z] Checked if tokens are valid: true, expires at: 1758747965857
[debug] [2025-09-24T20:21:35.148Z] >>> [apiv2][query] GET https://firebase.googleapis.com/v1beta1/projects/achievex-3f959/adminSdkConfig [none]
[debug] [2025-09-24T20:21:35.605Z] <<< [apiv2][status] GET https://firebase.googleapis.com/v1beta1/projects/achievex-3f959/adminSdkConfig 200
[debug] [2025-09-24T20:21:35.605Z] <<< [apiv2][body] GET https://firebase.googleapis.com/v1beta1/projects/achievex-3f959/adminSdkConfig {"projectId":"achievex-3f959","storageBucket":"achievex-3f959.firebasestorage.app"}
[info] i  functions: Watching "/Users/sandeep/Desktop/achievex1/AchieveX-web/functions" for Cloud Functions... {"metadata":{"emulator":{"name":"functions"},"message":"Watching \"/Users/sandeep/Desktop/achievex1/AchieveX-web/functions\" for Cloud Functions..."}}
[debug] [2025-09-24T20:21:35.655Z] Validating nodejs source
[debug] [2025-09-24T20:21:36.185Z] > [functions] package.json contents: {
  "name": "functions",
  "description": "Cloud Functions for Firebase",
  "scripts": {
    "lint": "eslint .",
    "serve": "firebase emulators:start --only functions",
    "shell": "firebase functions:shell",
    "start": "npm run shell",
    "deploy": "firebase deploy --only functions",
    "logs": "firebase functions:log"
  },
  "engines": {
    "node": "22"
  },
  "main": "index.js",
  "dependencies": {
    "axios": "^1.12.2",
    "cors": "^2.8.5",
    "firebase-admin": "^12.6.0",
    "firebase-functions": "^6.0.1"
  },
  "devDependencies": {
    "eslint": "^8.15.0",
    "eslint-config-google": "^0.14.0",
    "firebase-functions-test": "^3.1.0"
  },
  "private": true
}
[debug] [2025-09-24T20:21:36.185Z] Building nodejs source
[debug] [2025-09-24T20:21:36.186Z] Failed to find version of module node: reached end of search path /Users/sandeep/Desktop/achievex1/AchieveX-web/functions/node_modules
[warn] ⚠  functions: Your requested "node" version "22" doesn't match your global version "20". Using node@20 from host. 
[debug] [2025-09-24T20:21:36.188Z] Could not find functions.yaml. Must use http discovery
[debug] [2025-09-24T20:21:36.192Z] Found firebase-functions binary at '/Users/sandeep/Desktop/achievex1/AchieveX-web/functions/node_modules/.bin/firebase-functions'
[info] Serving at port 8520

[error] TypeError: Cannot read properties of undefined (reading 'client_id')
    at Object.<anonymous> (/Users/sandeep/Desktop/achievex1/AchieveX-web/functions/index.js:19:53)
    at Module._compile (node:internal/modules/cjs/loader:1521:14)
    at Module._extensions..js (node:internal/modules/cjs/loader:1623:10)
    at Module.load (node:internal/modules/cjs/loader:1266:32)
    at Module._load (node:internal/modules/cjs/loader:1091:12)
    at Module.require (node:internal/modules/cjs/loader:1289:19)
    at require (node:internal/modules/helpers:182:18)
    at loadModule (/Users/sandeep/Desktop/achievex1/AchieveX-web/functions/node_modules/firebase-functions/lib/runtime/loader.js:40:16)
    at loadStack (/Users/sandeep/Desktop/achievex1/AchieveX-web/functions/node_modules/firebase-functions/lib/runtime/loader.js:157:23)
    at /Users/sandeep/Desktop/achievex1/AchieveX-web/functions/node_modules/firebase-functions/lib/bin/firebase-functions.js:102:60

[debug] [2025-09-24T20:21:36.533Z] Got response code 400; body Failed to generate manifest from function source: Cannot read properties of undefined (reading 'client_id')
[error] ⬢  functions: Failed to load function definition from source: FirebaseError: Functions codebase could not be analyzed successfully. It may have a syntax or runtime error {"metadata":{"emulator":{"name":"functions"},"message":"Failed to load function definition from source: FirebaseError: Functions codebase could not be analyzed successfully. It may have a syntax or runtime error"}}
[debug] [2025-09-24T20:21:40.566Z] Could not find VSCode notification endpoint: FetchError: request to http://localhost:40001/vscode/notify failed, reason: . If you are not running the Firebase Data Connect VSCode extension, this is expected and not an issue.
[info] 
┌─────────────────────────────────────────────────────────────┐
│ ✔  All emulators ready! It is now safe to connect your app. │
│ i  View Emulator UI at http://127.0.0.1:4000/               │
└─────────────────────────────────────────────────────────────┘

┌───────────┬────────────────┬─────────────────────────────────┐
│ Emulator  │ Host:Port      │ View in Emulator UI             │
├───────────┼────────────────┼─────────────────────────────────┤
│ Functions │ 127.0.0.1:5001 │ http://127.0.0.1:4000/functions │
└───────────┴────────────────┴─────────────────────────────────┘
  Emulator Hub host: 127.0.0.1 port: 4400
  Other reserved ports: 4501

Issues? Report them at https://github.com/firebase/firebase-tools/issues and attach the *-debug.log files.
 
[debug] [2025-09-24T20:25:15.189Z] [work-queue] {"queuedWork":["/achievex-3f959/us-central1/createCashfreeOrder-2025-09-24T20:25:15.188Z"],"queueLength":1,"runningWork":[],"workRunningCount":0}
[debug] [2025-09-24T20:25:15.190Z] [work-queue] {"queuedWork":[],"queueLength":0,"runningWork":["/achievex-3f959/us-central1/createCashfreeOrder-2025-09-24T20:25:15.188Z"],"workRunningCount":1}
[debug] [2025-09-24T20:25:15.197Z] [work-queue] {"queuedWork":[],"queueLength":0,"runningWork":[],"workRunningCount":0}
[debug] [2025-09-25T08:37:02.759Z] [work-queue] {"queuedWork":["/achievex-3f959/us-central1/createCashfreeOrder-2025-09-25T08:37:02.755Z"],"queueLength":1,"runningWork":[],"workRunningCount":0}
[debug] [2025-09-25T08:37:02.766Z] [work-queue] {"queuedWork":[],"queueLength":0,"runningWork":["/achievex-3f959/us-central1/createCashfreeOrder-2025-09-25T08:37:02.755Z"],"workRunningCount":1}
[debug] [2025-09-25T08:37:02.778Z] [work-queue] {"queuedWork":[],"queueLength":0,"runningWork":[],"workRunningCount":0}
[debug] [2025-09-25T09:17:13.756Z] File /Users/sandeep/Desktop/achievex1/AchieveX-web/functions/index.js changed, reloading triggers {"metadata":{"emulator":{"name":"functions"},"message":"File /Users/sandeep/Desktop/achievex1/AchieveX-web/functions/index.js changed, reloading triggers"}}
[debug] [2025-09-25T09:17:14.833Z] Validating nodejs source
[debug] [2025-09-25T09:17:15.785Z] > [functions] package.json contents: {
  "name": "functions",
  "description": "Cloud Functions for Firebase",
  "scripts": {
    "lint": "eslint .",
    "serve": "firebase emulators:start --only functions",
    "shell": "firebase functions:shell",
    "start": "npm run shell",
    "deploy": "firebase deploy --only functions",
    "logs": "firebase functions:log"
  },
  "engines": {
    "node": "22"
  },
  "main": "index.js",
  "dependencies": {
    "axios": "^1.12.2",
    "cors": "^2.8.5",
    "firebase-admin": "^12.6.0",
    "firebase-functions": "^6.0.1"
  },
  "devDependencies": {
    "eslint": "^8.15.0",
    "eslint-config-google": "^0.14.0",
    "firebase-functions-test": "^3.1.0"
  },
  "private": true
}
[debug] [2025-09-25T09:17:15.786Z] Building nodejs source
[debug] [2025-09-25T09:17:15.786Z] Failed to find version of module node: reached end of search path /Users/sandeep/Desktop/achievex1/AchieveX-web/functions/node_modules
[warn] ⚠  functions: Your requested "node" version "22" doesn't match your global version "20". Using node@20 from host. 
[debug] [2025-09-25T09:17:15.793Z] Could not find functions.yaml. Must use http discovery
[debug] [2025-09-25T09:17:15.798Z] Found firebase-functions binary at '/Users/sandeep/Desktop/achievex1/AchieveX-web/functions/node_modules/.bin/firebase-functions'
[info] Serving at port 8627

[error] TypeError: Cannot read properties of undefined (reading 'key')
    at Object.<anonymous> (/Users/sandeep/Desktop/achievex1/AchieveX-web/functions/index.js:13:41)
    at Module._compile (node:internal/modules/cjs/loader:1521:14)
    at Module._extensions..js (node:internal/modules/cjs/loader:1623:10)
    at Module.load (node:internal/modules/cjs/loader:1266:32)
    at Module._load (node:internal/modules/cjs/loader:1091:12)
    at Module.require (node:internal/modules/cjs/loader:1289:19)
    at require (node:internal/modules/helpers:182:18)
    at loadModule (/Users/sandeep/Desktop/achievex1/AchieveX-web/functions/node_modules/firebase-functions/lib/runtime/loader.js:40:16)
    at loadStack (/Users/sandeep/Desktop/achievex1/AchieveX-web/functions/node_modules/firebase-functions/lib/runtime/loader.js:157:23)
    at /Users/sandeep/Desktop/achievex1/AchieveX-web/functions/node_modules/firebase-functions/lib/bin/firebase-functions.js:102:60

[debug] [2025-09-25T09:17:16.289Z] Got response code 400; body Failed to generate manifest from function source: Cannot read properties of undefined (reading 'key')
[error] ⬢  functions: Failed to load function definition from source: FirebaseError: Functions codebase could not be analyzed successfully. It may have a syntax or runtime error {"metadata":{"emulator":{"name":"functions"},"message":"Failed to load function definition from source: FirebaseError: Functions codebase could not be analyzed successfully. It may have a syntax or runtime error"}}
[debug] [2025-09-25T20:29:19.738Z] ----------------------------------------------------------------------
[debug] [2025-09-25T20:29:19.740Z] Command:       /Users/sandeep/.nvm/versions/node/v20.19.5/bin/node /Users/sandeep/.nvm/versions/node/v18.20.2/bin/firebase emulators:start --only functions,firestore
[debug] [2025-09-25T20:29:19.740Z] CLI Version:   14.11.0
[debug] [2025-09-25T20:29:19.740Z] Platform:      darwin
[debug] [2025-09-25T20:29:19.740Z] Node Version:  v20.19.5
[debug] [2025-09-25T20:29:19.740Z] Time:          Fri Sep 26 2025 01:59:19 GMT+0530 (India Standard Time)
[debug] [2025-09-25T20:29:19.740Z] ----------------------------------------------------------------------
[debug] 
[debug] [2025-09-25T20:29:19.741Z] >>> [apiv2][query] GET https://firebase-public.firebaseio.com/cli.json [none]
[debug] [2025-09-25T20:29:19.863Z] > command requires scopes: ["email","openid","https://www.googleapis.com/auth/cloudplatformprojects.readonly","https://www.googleapis.com/auth/firebase","https://www.googleapis.com/auth/cloud-platform"]
[debug] [2025-09-25T20:29:19.863Z] > authorizing via signed-in user (achievex.work@gmail.com)
[info] i  emulators: Starting emulators: functions {"metadata":{"emulator":{"name":"hub"},"message":"Starting emulators: functions"}}
[warn] ⚠  firestore: Not starting the firestore emulator, make sure you have run firebase init. {"metadata":{"emulator":{"name":"firestore"},"message":"Not starting the \u001b[1mfirestore\u001b[22m emulator, make sure you have run \u001b[1mfirebase init\u001b[22m."}}
[warn] ⚠  logging: Logging Emulator unable to start on port 4500, starting on 4501 instead. {"metadata":{"emulator":{"name":"logging"},"message":"Logging Emulator unable to start on port 4500, starting on 4501 instead."}}
[debug] [2025-09-25T20:29:19.990Z] [logging] Logging Emulator only supports listening on one address (127.0.0.1). Not listening on ::1
[debug] [2025-09-25T20:29:19.990Z] assigned listening specs for emulators {"user":{"hub":[{"address":"127.0.0.1","family":"IPv4","port":4400},{"address":"::1","family":"IPv6","port":4400}],"ui":[{"address":"127.0.0.1","family":"IPv4","port":4000},{"address":"::1","family":"IPv6","port":4000}],"logging":[{"address":"127.0.0.1","family":"IPv4","port":4501}]},"metadata":{"message":"assigned listening specs for emulators"}}
[warn] ⚠  emulators: It seems that you are running multiple instances of the emulator suite for project achievex-3f959. This may result in unexpected behavior. 
[debug] [2025-09-25T20:29:19.994Z] [hub] writing locator at /var/folders/87/k0dtl2md1nq3yj1_69jr3n640000gn/T/hub-achievex-3f959.json
[debug] [2025-09-25T20:29:20.105Z] [functions] Functions Emulator only supports listening on one address (127.0.0.1). Not listening on ::1
[debug] [2025-09-25T20:29:20.105Z] [eventarc] Eventarc Emulator only supports listening on one address (127.0.0.1). Not listening on ::1
[debug] [2025-09-25T20:29:20.105Z] [tasks] Cloud Tasks Emulator only supports listening on one address (127.0.0.1). Not listening on ::1
[debug] [2025-09-25T20:29:20.105Z] late-assigned ports for functions and eventarc emulators {"user":{"hub":[{"address":"127.0.0.1","family":"IPv4","port":4400},{"address":"::1","family":"IPv6","port":4400}],"ui":[{"address":"127.0.0.1","family":"IPv4","port":4000},{"address":"::1","family":"IPv6","port":4000}],"logging":[{"address":"127.0.0.1","family":"IPv4","port":4501}],"functions":[{"address":"127.0.0.1","family":"IPv4","port":5001}],"eventarc":[{"address":"127.0.0.1","family":"IPv4","port":9299}],"tasks":[{"address":"127.0.0.1","family":"IPv4","port":9499}]},"metadata":{"message":"late-assigned ports for functions and eventarc emulators"}}
[warn] ⚠  functions: The following emulators are not running, calls to these services from the Functions emulator will affect production: apphosting, auth, firestore, database, hosting, pubsub, storage, dataconnect {"metadata":{"emulator":{"name":"functions"},"message":"The following emulators are not running, calls to these services from the Functions emulator will affect production: \u001b[1mapphosting, auth, firestore, database, hosting, pubsub, storage, dataconnect\u001b[22m"}}
[debug] [2025-09-25T20:29:20.963Z] <<< [apiv2][status] GET https://firebase-public.firebaseio.com/cli.json 200
[debug] [2025-09-25T20:29:20.963Z] <<< [apiv2][body] GET https://firebase-public.firebaseio.com/cli.json {"cloudBuildErrorAfter":1594252800000,"cloudBuildWarnAfter":1590019200000,"defaultNode10After":1594252800000,"minVersion":"3.0.5","node8DeploysDisabledAfter":1613390400000,"node8RuntimeDisabledAfter":1615809600000,"node8WarnAfter":1600128000000}
[warn] ⚠  functions: Application Default Credentials detected. Non-emulated services will access production using these credentials. Be careful! {"metadata":{"emulator":{"name":"functions"},"message":"Application Default Credentials detected. Non-emulated services will access production using these credentials. Be careful!"}}
[debug] [2025-09-25T20:29:25.247Z] Checked if tokens are valid: false, expires at: 1758747965857
[debug] [2025-09-25T20:29:25.247Z] Checked if tokens are valid: false, expires at: 1758747965857
[debug] [2025-09-25T20:29:25.248Z] > refreshing access token with scopes: []
[debug] [2025-09-25T20:29:25.251Z] >>> [apiv2][query] POST https://www.googleapis.com/oauth2/v3/token [none]
[debug] [2025-09-25T20:29:25.251Z] >>> [apiv2][body] POST https://www.googleapis.com/oauth2/v3/token [omitted]
[debug] [2025-09-25T20:29:25.424Z] <<< [apiv2][status] POST https://www.googleapis.com/oauth2/v3/token 200
[debug] [2025-09-25T20:29:25.424Z] <<< [apiv2][body] POST https://www.googleapis.com/oauth2/v3/token [omitted]
[debug] [2025-09-25T20:29:25.437Z] >>> [apiv2][query] GET https://firebase.googleapis.com/v1beta1/projects/achievex-3f959/adminSdkConfig [none]
[debug] [2025-09-25T20:29:26.136Z] <<< [apiv2][status] GET https://firebase.googleapis.com/v1beta1/projects/achievex-3f959/adminSdkConfig 200
[debug] [2025-09-25T20:29:26.137Z] <<< [apiv2][body] GET https://firebase.googleapis.com/v1beta1/projects/achievex-3f959/adminSdkConfig {"projectId":"achievex-3f959","storageBucket":"achievex-3f959.firebasestorage.app"}
[info] i  functions: Watching "/Users/sandeep/Desktop/achievex1/AchieveX-web/functions" for Cloud Functions... {"metadata":{"emulator":{"name":"functions"},"message":"Watching \"/Users/sandeep/Desktop/achievex1/AchieveX-web/functions\" for Cloud Functions..."}}
[debug] [2025-09-25T20:29:26.183Z] Validating nodejs source
[debug] [2025-09-25T20:29:26.635Z] > [functions] package.json contents: {
  "name": "functions",
  "description": "Cloud Functions for Firebase",
  "scripts": {
    "lint": "eslint .",
    "serve": "firebase emulators:start --only functions",
    "shell": "firebase functions:shell",
    "start": "npm run shell",
    "deploy": "firebase deploy --only functions",
    "logs": "firebase functions:log"
  },
  "engines": {
    "node": "22"
  },
  "main": "index.js",
  "dependencies": {
    "axios": "^1.12.2",
    "cors": "^2.8.5",
    "firebase-admin": "^12.6.0",
    "firebase-functions": "^6.0.1"
  },
  "devDependencies": {
    "eslint": "^8.15.0",
    "eslint-config-google": "^0.14.0",
    "firebase-functions-test": "^3.1.0"
  },
  "private": true
}
[debug] [2025-09-25T20:29:26.635Z] Building nodejs source
[debug] [2025-09-25T20:29:26.636Z] Failed to find version of module node: reached end of search path /Users/sandeep/Desktop/achievex1/AchieveX-web/functions/node_modules
[warn] ⚠  functions: Your requested "node" version "22" doesn't match your global version "20". Using node@20 from host. 
[debug] [2025-09-25T20:29:26.638Z] Could not find functions.yaml. Must use http discovery
[debug] [2025-09-25T20:29:26.642Z] Found firebase-functions binary at '/Users/sandeep/Desktop/achievex1/AchieveX-web/functions/node_modules/.bin/firebase-functions'
[info] Serving at port 8231

[error] TypeError: Cannot read properties of undefined (reading 'key')
    at Object.<anonymous> (/Users/sandeep/Desktop/achievex1/AchieveX-web/functions/index.js:13:41)
    at Module._compile (node:internal/modules/cjs/loader:1521:14)
    at Module._extensions..js (node:internal/modules/cjs/loader:1623:10)
    at Module.load (node:internal/modules/cjs/loader:1266:32)
    at Module._load (node:internal/modules/cjs/loader:1091:12)
    at Module.require (node:internal/modules/cjs/loader:1289:19)
    at require (node:internal/modules/helpers:182:18)
    at loadModule (/Users/sandeep/Desktop/achievex1/AchieveX-web/functions/node_modules/firebase-functions/lib/runtime/loader.js:40:16)
    at loadStack (/Users/sandeep/Desktop/achievex1/AchieveX-web/functions/node_modules/firebase-functions/lib/runtime/loader.js:157:23)
    at /Users/sandeep/Desktop/achievex1/AchieveX-web/functions/node_modules/firebase-functions/lib/bin/firebase-functions.js:102:60

[debug] [2025-09-25T20:29:27.067Z] Got response code 400; body Failed to generate manifest from function source: Cannot read properties of undefined (reading 'key')
[error] ⬢  functions: Failed to load function definition from source: FirebaseError: Functions codebase could not be analyzed successfully. It may have a syntax or runtime error {"metadata":{"emulator":{"name":"functions"},"message":"Failed to load function definition from source: FirebaseError: Functions codebase could not be analyzed successfully. It may have a syntax or runtime error"}}
[debug] [2025-09-25T20:29:31.097Z] Could not find VSCode notification endpoint: FetchError: request to http://localhost:40001/vscode/notify failed, reason: . If you are not running the Firebase Data Connect VSCode extension, this is expected and not an issue.
[info] 
┌─────────────────────────────────────────────────────────────┐
│ ✔  All emulators ready! It is now safe to connect your app. │
│ i  View Emulator UI at http://127.0.0.1:4000/               │
└─────────────────────────────────────────────────────────────┘

┌───────────┬────────────────┬─────────────────────────────────┐
│ Emulator  │ Host:Port      │ View in Emulator UI             │
├───────────┼────────────────┼─────────────────────────────────┤
│ Functions │ 127.0.0.1:5001 │ http://127.0.0.1:4000/functions │
└───────────┴────────────────┴─────────────────────────────────┘
  Emulator Hub host: 127.0.0.1 port: 4400
  Other reserved ports: 4501

Issues? Report them at https://github.com/firebase/firebase-tools/issues and attach the *-debug.log files.
 
